c:\users\100058011\source\repos\boofenstein\x64\release\vc143.pdb
c:\users\100058011\source\repos\boofenstein\x64\release\window.obj
c:\users\100058011\source\repos\boofenstein\x64\release\segmentpathrenderer.obj
c:\users\100058011\source\repos\boofenstein\x64\release\gl_utility.obj
c:\users\100058011\source\repos\boofenstein\x64\release\file_utility.obj
c:\users\100058011\source\repos\boofenstein\x64\release\boofenstein.obj
c:\users\100058011\source\repos\boofenstein\x64\release\glad.obj
c:\users\100058011\source\repos\boofenstein\x64\release\boofenstein.exe
c:\users\100058011\source\repos\boofenstein\x64\release\boofenstein.pdb
c:\users\100058011\source\repos\boofenstein\x64\release\boofenstein.ipdb
c:\users\100058011\source\repos\boofenstein\x64\release\boofenstein.iobj
c:\users\100058011\source\repos\boofenstein\boofenstein\x64\release\boofenstein.obj
c:\users\100058011\source\repos\boofenstein\boofenstein\x64\release\file_utility.obj
c:\users\100058011\source\repos\boofenstein\boofenstein\x64\release\glad.obj
c:\users\100058011\source\repos\boofenstein\boofenstein\x64\release\gl_utility.obj
c:\users\100058011\source\repos\boofenstein\boofenstein\x64\release\segmentpathrenderer.obj
c:\users\100058011\source\repos\boofenstein\boofenstein\x64\release\window.obj
c:\users\100058011\source\repos\boofenstein\boofenstein\x64\release\boofenstein.ipdb
c:\users\100058011\source\repos\boofenstein\boofenstein\x64\release\boofenstein.iobj
c:\users\100058011\source\repos\boofenstein\boofenstein\x64\release\boofenstein.pdb
c:\users\100058011\source\repos\boofenstein\boofenstein\x64\release\vc143.pdb
c:\users\100058011\source\repos\boofenstein\boofenstein\x64\release\boofenstein.tlog\cl.command.1.tlog
c:\users\100058011\source\repos\boofenstein\boofenstein\x64\release\boofenstein.tlog\cl.read.1.tlog
c:\users\100058011\source\repos\boofenstein\boofenstein\x64\release\boofenstein.tlog\cl.write.1.tlog
c:\users\100058011\source\repos\boofenstein\boofenstein\x64\release\boofenstein.tlog\link.command.1.tlog
c:\users\100058011\source\repos\boofenstein\boofenstein\x64\release\boofenstein.tlog\link.read.1.tlog
c:\users\100058011\source\repos\boofenstein\boofenstein\x64\release\boofenstein.tlog\link.write.1.tlog
c:\users\100058011\source\repos\boofenstein\boofenstein\x64\release\boofenstein.tlog\link.write.2u.tlog
